2019/07/05 09:26:41.923 [I] [login.go:45]  Login RequestInfo:{Moblie:18682277087 Password:123456}

2019/07/05 09:26:42.249 [I] [areas.go:43]  ===={"conn":"192.168.133.128:6379","dbNum":"1","key":"ihome"}
2019/07/05 09:26:42.256 [D] [house.go:212]  Index Houses....
2019/07/05 09:26:42.258 [I] [house.go:223]  ===={"conn":"192.168.133.128:6379","dbNum":"1","key":"ihome"}
2019/07/05 09:26:42.245 [I] [session.go:35]  name : stone

2019/07/05 09:26:42.415 [I] [areas.go:78]  {Id:1 Name:东城区 Houses:[]}

2019/07/05 09:26:42.416 [I] [areas.go:78]  {Id:2 Name:西城区 Houses:[]}

2019/07/05 09:26:42.417 [I] [areas.go:78]  {Id:3 Name:朝阳区 Houses:[]}

2019/07/05 09:26:42.418 [I] [areas.go:78]  {Id:4 Name:海淀区 Houses:[]}

2019/07/05 09:26:42.419 [I] [areas.go:78]  {Id:5 Name:昌平区 Houses:[]}

2019/07/05 09:26:42.420 [I] [areas.go:78]  {Id:6 Name:丰台区 Houses:[]}

2019/07/05 09:26:42.421 [I] [areas.go:78]  {Id:7 Name:房山区 Houses:[]}

2019/07/05 09:26:42.422 [I] [areas.go:78]  {Id:8 Name:通州区 Houses:[]}

2019/07/05 09:26:42.422 [I] [areas.go:78]  {Id:9 Name:顺义区 Houses:[]}

2019/07/05 09:26:42.423 [I] [areas.go:78]  {Id:10 Name:大兴区 Houses:[]}

2019/07/05 09:26:42.424 [I] [areas.go:78]  {Id:11 Name:怀柔区 Houses:[]}

2019/07/05 09:26:42.424 [I] [areas.go:78]  {Id:12 Name:平谷区 Houses:[]}

2019/07/05 09:26:42.424 [I] [areas.go:78]  {Id:13 Name:密云区 Houses:[]}

2019/07/05 09:26:42.424 [I] [areas.go:78]  {Id:14 Name:延庆区 Houses:[]}

2019/07/05 09:26:42.424 [I] [areas.go:78]  {Id:15 Name:石景山区 Houses:[]}

2019/07/05 09:28:50.990 [I] [login.go:45]  Login RequestInfo:{Moblie:18682277087 Password:123456}

2019/07/05 09:28:51.106 [I] [session.go:35]  name : stone

2019/07/05 09:28:51.111 [D] [house.go:212]  Index Houses....
2019/07/05 09:28:51.111 [I] [areas.go:43]  ===={"conn":"192.168.133.128:6379","dbNum":"1","key":"ihome"}
2019/07/05 09:28:51.112 [I] [house.go:223]  ===={"conn":"192.168.133.128:6379","dbNum":"1","key":"ihome"}
2019/07/05 09:28:51.133 [I] [house.go:236]  ======= get house page info  from CACHE!!! ========
2019/07/05 09:39:37.386 [I] [session.go:35]  name : stone

2019/07/05 09:39:37.391 [D] [house.go:212]  Index Houses....
2019/07/05 09:39:37.392 [I] [areas.go:43]  ===={"conn":"192.168.133.128:6379","dbNum":"1","key":"ihome"}
2019/07/05 09:39:37.393 [I] [house.go:223]  ===={"conn":"192.168.133.128:6379","dbNum":"1","key":"ihome"}
2019/07/05 09:39:37.395 [I] [house.go:236]  ======= get house page info  from CACHE!!! ========
